{"/home/jxssx/backend-project-46/index.js": {"path":"/home/jxssx/backend-project-46/index.js","all":false,"statementMap":{"0":{"start":{"line":1,"column":0},"end":{"line":1,"column":42}},"1":{"start":{"line":2,"column":0},"end":{"line":2,"column":56}},"2":{"start":{"line":3,"column":0},"end":{"line":3,"column":42}},"3":{"start":{"line":4,"column":0},"end":{"line":4,"column":0}},"4":{"start":{"line":5,"column":0},"end":{"line":5,"column":40}},"5":{"start":{"line":6,"column":0},"end":{"line":6,"column":58}},"6":{"start":{"line":7,"column":0},"end":{"line":7,"column":58}},"7":{"start":{"line":8,"column":0},"end":{"line":8,"column":43}},"8":{"start":{"line":9,"column":0},"end":{"line":9,"column":35}},"9":{"start":{"line":10,"column":0},"end":{"line":10,"column":2}},"10":{"start":{"line":11,"column":0},"end":{"line":11,"column":0}},"11":{"start":{"line":12,"column":0},"end":{"line":12,"column":20}}},"s":{"0":1,"1":1,"2":1,"3":1,"4":1,"5":1,"6":1,"7":1,"8":1,"9":1,"10":1,"11":1},"branchMap":{"0":{"type":"branch","line":5,"loc":{"start":{"line":5,"column":13},"end":{"line":10,"column":2}},"locations":[{"start":{"line":5,"column":13},"end":{"line":10,"column":2}}]}},"b":{"0":[1]},"fnMap":{"0":{"name":"diff","decl":{"start":{"line":5,"column":13},"end":{"line":10,"column":2}},"loc":{"start":{"line":5,"column":13},"end":{"line":10,"column":2}},"line":5}},"f":{"0":1}}
,"/home/jxssx/backend-project-46/src/difference.js": {"path":"/home/jxssx/backend-project-46/src/difference.js","all":false,"statementMap":{"0":{"start":{"line":1,"column":0},"end":{"line":1,"column":23}},"1":{"start":{"line":2,"column":0},"end":{"line":2,"column":0}},"2":{"start":{"line":3,"column":0},"end":{"line":3,"column":35}},"3":{"start":{"line":4,"column":0},"end":{"line":4,"column":71}},"4":{"start":{"line":5,"column":0},"end":{"line":5,"column":36}},"5":{"start":{"line":6,"column":0},"end":{"line":6,"column":30}},"6":{"start":{"line":7,"column":0},"end":{"line":7,"column":30}},"7":{"start":{"line":8,"column":0},"end":{"line":8,"column":49}},"8":{"start":{"line":9,"column":0},"end":{"line":9,"column":30}},"9":{"start":{"line":10,"column":0},"end":{"line":10,"column":57}},"10":{"start":{"line":11,"column":0},"end":{"line":11,"column":7}},"11":{"start":{"line":12,"column":0},"end":{"line":12,"column":94}},"12":{"start":{"line":13,"column":0},"end":{"line":13,"column":5}},"13":{"start":{"line":14,"column":0},"end":{"line":14,"column":28}},"14":{"start":{"line":15,"column":0},"end":{"line":15,"column":53}},"15":{"start":{"line":16,"column":0},"end":{"line":16,"column":5}},"16":{"start":{"line":17,"column":0},"end":{"line":17,"column":49}},"17":{"start":{"line":18,"column":0},"end":{"line":18,"column":5}},"18":{"start":{"line":19,"column":0},"end":{"line":19,"column":23}},"19":{"start":{"line":20,"column":0},"end":{"line":20,"column":2}},"20":{"start":{"line":21,"column":0},"end":{"line":21,"column":0}},"21":{"start":{"line":22,"column":0},"end":{"line":22,"column":23}}},"s":{"0":1,"1":1,"2":1,"3":1,"4":1,"5":5,"6":5,"7":5,"8":2,"9":1,"10":1,"11":1,"12":1,"13":5,"14":2,"15":2,"16":1,"17":1,"18":1,"19":1,"20":1,"21":1},"branchMap":{"0":{"type":"branch","line":3,"loc":{"start":{"line":3,"column":16},"end":{"line":20,"column":2}},"locations":[{"start":{"line":3,"column":16},"end":{"line":20,"column":2}}]},"1":{"type":"branch","line":5,"loc":{"start":{"line":5,"column":27},"end":{"line":18,"column":3}},"locations":[{"start":{"line":5,"column":27},"end":{"line":18,"column":3}}]},"2":{"type":"branch","line":8,"loc":{"start":{"line":8,"column":25},"end":{"line":8,"column":46}},"locations":[{"start":{"line":8,"column":25},"end":{"line":8,"column":46}}]},"3":{"type":"branch","line":8,"loc":{"start":{"line":8,"column":48},"end":{"line":13,"column":5}},"locations":[{"start":{"line":8,"column":48},"end":{"line":13,"column":5}}]},"4":{"type":"branch","line":9,"loc":{"start":{"line":9,"column":29},"end":{"line":13,"column":5}},"locations":[{"start":{"line":9,"column":29},"end":{"line":13,"column":5}}]},"5":{"type":"branch","line":13,"loc":{"start":{"line":13,"column":4},"end":{"line":14,"column":27}},"locations":[{"start":{"line":13,"column":4},"end":{"line":14,"column":27}}]},"6":{"type":"branch","line":14,"loc":{"start":{"line":14,"column":27},"end":{"line":16,"column":5}},"locations":[{"start":{"line":14,"column":27},"end":{"line":16,"column":5}}]},"7":{"type":"branch","line":16,"loc":{"start":{"line":16,"column":4},"end":{"line":18,"column":3}},"locations":[{"start":{"line":16,"column":4},"end":{"line":18,"column":3}}]}},"b":{"0":[1],"1":[5],"2":[4],"3":[2],"4":[1],"5":[3],"6":[2],"7":[1]},"fnMap":{"0":{"name":"genDiff","decl":{"start":{"line":3,"column":16},"end":{"line":20,"column":2}},"loc":{"start":{"line":3,"column":16},"end":{"line":20,"column":2}},"line":3}},"f":{"0":1}}
,"/home/jxssx/backend-project-46/src/tools.js": {"path":"/home/jxssx/backend-project-46/src/tools.js","all":false,"statementMap":{"0":{"start":{"line":1,"column":0},"end":{"line":1,"column":24}},"1":{"start":{"line":2,"column":0},"end":{"line":2,"column":25}},"2":{"start":{"line":3,"column":0},"end":{"line":3,"column":36}},"3":{"start":{"line":4,"column":0},"end":{"line":4,"column":0}},"4":{"start":{"line":5,"column":0},"end":{"line":5,"column":43}},"5":{"start":{"line":6,"column":0},"end":{"line":6,"column":36}},"6":{"start":{"line":7,"column":0},"end":{"line":7,"column":39}},"7":{"start":{"line":8,"column":0},"end":{"line":8,"column":13}},"8":{"start":{"line":9,"column":0},"end":{"line":9,"column":2}},"9":{"start":{"line":10,"column":0},"end":{"line":10,"column":0}},"10":{"start":{"line":11,"column":0},"end":{"line":11,"column":55}},"11":{"start":{"line":12,"column":0},"end":{"line":12,"column":46}},"12":{"start":{"line":13,"column":0},"end":{"line":13,"column":0}},"13":{"start":{"line":14,"column":0},"end":{"line":14,"column":84}},"14":{"start":{"line":15,"column":0},"end":{"line":15,"column":0}},"15":{"start":{"line":16,"column":0},"end":{"line":16,"column":87}}},"s":{"0":1,"1":1,"2":1,"3":1,"4":1,"5":0,"6":0,"7":0,"8":0,"9":1,"10":1,"11":1,"12":1,"13":1,"14":1,"15":1},"branchMap":{"0":{"type":"branch","line":14,"loc":{"start":{"line":14,"column":28},"end":{"line":14,"column":83}},"locations":[{"start":{"line":14,"column":28},"end":{"line":14,"column":83}}]},"1":{"type":"branch","line":16,"loc":{"start":{"line":16,"column":25},"end":{"line":16,"column":86}},"locations":[{"start":{"line":16,"column":25},"end":{"line":16,"column":86}}]}},"b":{"0":[3],"1":[3]},"fnMap":{"0":{"name":"getExtension","decl":{"start":{"line":5,"column":29},"end":{"line":9,"column":2}},"loc":{"start":{"line":5,"column":29},"end":{"line":9,"column":2}},"line":5},"1":{"name":"formatPaths","decl":{"start":{"line":14,"column":28},"end":{"line":14,"column":83}},"loc":{"start":{"line":14,"column":28},"end":{"line":14,"column":83}},"line":14},"2":{"name":"readFile","decl":{"start":{"line":16,"column":25},"end":{"line":16,"column":86}},"loc":{"start":{"line":16,"column":25},"end":{"line":16,"column":86}},"line":16}},"f":{"0":0,"1":3,"2":3}}
,"/home/jxssx/backend-project-46/src/formatters/default.js": {"path":"/home/jxssx/backend-project-46/src/formatters/default.js","all":false,"statementMap":{"0":{"start":{"line":1,"column":0},"end":{"line":1,"column":18}},"1":{"start":{"line":2,"column":0},"end":{"line":2,"column":13}},"2":{"start":{"line":3,"column":0},"end":{"line":3,"column":15}},"3":{"start":{"line":4,"column":0},"end":{"line":4,"column":17}},"4":{"start":{"line":5,"column":0},"end":{"line":5,"column":2}},"5":{"start":{"line":6,"column":0},"end":{"line":6,"column":0}},"6":{"start":{"line":7,"column":0},"end":{"line":7,"column":33}},"7":{"start":{"line":8,"column":0},"end":{"line":8,"column":22}},"8":{"start":{"line":9,"column":0},"end":{"line":9,"column":30}},"9":{"start":{"line":10,"column":0},"end":{"line":10,"column":122}},"10":{"start":{"line":11,"column":0},"end":{"line":11,"column":28}},"11":{"start":{"line":12,"column":0},"end":{"line":12,"column":28}},"12":{"start":{"line":13,"column":0},"end":{"line":13,"column":69}},"13":{"start":{"line":14,"column":0},"end":{"line":14,"column":2}},"14":{"start":{"line":15,"column":0},"end":{"line":15,"column":0}},"15":{"start":{"line":16,"column":0},"end":{"line":16,"column":29}}},"s":{"0":1,"1":1,"2":1,"3":1,"4":1,"5":1,"6":1,"7":1,"8":1,"9":1,"10":1,"11":1,"12":1,"13":1,"14":1,"15":1},"branchMap":{"0":{"type":"branch","line":7,"loc":{"start":{"line":7,"column":23},"end":{"line":14,"column":2}},"locations":[{"start":{"line":7,"column":23},"end":{"line":14,"column":2}}]},"1":{"type":"branch","line":10,"loc":{"start":{"line":10,"column":34},"end":{"line":10,"column":120}},"locations":[{"start":{"line":10,"column":34},"end":{"line":10,"column":120}}]}},"b":{"0":[1],"1":[6]},"fnMap":{"0":{"name":"formatDefault","decl":{"start":{"line":7,"column":23},"end":{"line":14,"column":2}},"loc":{"start":{"line":7,"column":23},"end":{"line":14,"column":2}},"line":7}},"f":{"0":1}}
}
