TN:
SF:index.js
FN:5,diff
FNF:1
FNH:1
FNDA:1,diff
DA:1,1
DA:2,1
DA:3,1
DA:4,1
DA:5,1
DA:6,1
DA:7,1
DA:8,1
DA:9,1
DA:10,1
DA:11,1
DA:12,1
LF:12
LH:12
BRDA:5,0,0,1
BRF:1
BRH:1
end_of_record
TN:
SF:src/difference.js
FN:3,genDiff
FNF:1
FNH:1
FNDA:1,genDiff
DA:1,1
DA:2,1
DA:3,1
DA:4,1
DA:5,1
DA:6,5
DA:7,5
DA:8,5
DA:9,2
DA:10,1
DA:11,1
DA:12,1
DA:13,1
DA:14,5
DA:15,2
DA:16,2
DA:17,1
DA:18,1
DA:19,1
DA:20,1
DA:21,1
DA:22,1
LF:22
LH:22
BRDA:3,0,0,1
BRDA:5,1,0,5
BRDA:8,2,0,4
BRDA:8,3,0,2
BRDA:9,4,0,1
BRDA:13,5,0,3
BRDA:14,6,0,2
BRDA:16,7,0,1
BRF:8
BRH:8
end_of_record
TN:
SF:src/tools.js
FN:5,getExtension
FN:14,formatPaths
FN:16,readFile
FNF:3
FNH:2
FNDA:0,getExtension
FNDA:3,formatPaths
FNDA:3,readFile
DA:1,1
DA:2,1
DA:3,1
DA:4,1
DA:5,1
DA:6,0
DA:7,0
DA:8,0
DA:9,0
DA:10,1
DA:11,1
DA:12,1
DA:13,1
DA:14,1
DA:15,1
DA:16,1
LF:16
LH:12
BRDA:14,0,0,3
BRDA:16,1,0,3
BRF:2
BRH:2
end_of_record
TN:
SF:src/formatters/default.js
FN:7,formatDefault
FNF:1
FNH:1
FNDA:1,formatDefault
DA:1,1
DA:2,1
DA:3,1
DA:4,1
DA:5,1
DA:6,1
DA:7,1
DA:8,1
DA:9,1
DA:10,1
DA:11,1
DA:12,1
DA:13,1
DA:14,1
DA:15,1
DA:16,1
LF:16
LH:16
BRDA:7,0,0,1
BRDA:10,1,0,6
BRF:2
BRH:2
end_of_record
